<?xml version="1.0" encoding="UTF-8" ?>
<testsuite tests="4" failures="0" name="TestSuite" time="19.635" errors="0" skipped="0">
  <properties>
[...]
</properties>
  <testcase classname="com.testrunner.TestRunner2" name="runScenario" time="4.747"/>
  <testcase classname="com.testrunner.TestRunner2" name="runScenario" time="4.756"/>
  <testcase classname="com.testrunner.TestRunner2" name="runScenario" time="4.794"/>
  <testcase classname="com.testrunner.TestRunner2" name="runScenario" time="5.338"/>
</testsuite>