<?xml version="1.0" encoding="UTF-8"?>
<testng-results ignored="0" total="4" passed="4" failed="0" skipped="0">
  <reporter-output>
  </reporter-output>
  <suite started-at="2024-08-29T14:20:20 IST" name="Command line suite" finished-at="2024-08-29T14:20:26 IST" duration-ms="5813">
    <groups>
      <group name="cucumber">
        <method signature="AbstractTestNGCucumberTests.runScenario(io.cucumber.testng.PickleWrapper,io.cucumber.testng.FeatureWrapper)[pri:0, instance:com.testrunner.TestRunner2@60611244]" name="runScenario" class="io.cucumber.testng.AbstractTestNGCucumberTests"/>
      </group> <!-- cucumber -->
    </groups>
    <test started-at="2024-08-29T14:20:20 IST" name="Command line test" finished-at="2024-08-29T14:20:26 IST" duration-ms="5813">
      <class name="com.testrunner.TestRunner2">
        <test-method is-config="true" signature="setUpClass(org.testng.ITestContext)[pri:0, instance:com.testrunner.TestRunner2@60611244]" started-at="2024-08-29T14:20:20 IST" name="setUpClass" finished-at="2024-08-29T14:20:21 IST" duration-ms="414" status="PASS">
          <params>
            <param index="0">
              <value>
                <![CDATA[org.testng.TestRunner@47a5b70d]]>
              </value>
            </param>
          </params>
          <reporter-output>
          </reporter-output>
        </test-method> <!-- setUpClass -->
        <test-method signature="runScenario(io.cucumber.testng.PickleWrapper,io.cucumber.testng.FeatureWrapper)[pri:0, instance:com.testrunner.TestRunner2@60611244]" started-at="2024-08-29T14:20:21 IST" name="runScenario" description="Runs Cucumber Scenarios" data-provider="scenarios" finished-at="2024-08-29T14:20:26 IST" duration-ms="4794" status="PASS">
          <params>
            <param index="0">
              <value>
                <![CDATA["Verify Successful login"]]>
              </value>
            </param>
            <param index="1">
              <value>
                <![CDATA["Verify Login Page Scenario"]]>
              </value>
            </param>
          </params>
          <reporter-output>
          </reporter-output>
        </test-method> <!-- runScenario -->
        <test-method signature="runScenario(io.cucumber.testng.PickleWrapper,io.cucumber.testng.FeatureWrapper)[pri:0, instance:com.testrunner.TestRunner2@60611244]" started-at="2024-08-29T14:20:21 IST" name="runScenario" description="Runs Cucumber Scenarios" data-provider="scenarios" finished-at="2024-08-29T14:20:26 IST" duration-ms="5339" status="PASS">
          <params>
            <param index="0">
              <value>
                <![CDATA["Testing Purchase of Products"]]>
              </value>
            </param>
            <param index="1">
              <value>
                <![CDATA["Verify Product Purchase"]]>
              </value>
            </param>
          </params>
          <reporter-output>
          </reporter-output>
        </test-method> <!-- runScenario -->
        <test-method signature="runScenario(io.cucumber.testng.PickleWrapper,io.cucumber.testng.FeatureWrapper)[pri:0, instance:com.testrunner.TestRunner2@60611244]" started-at="2024-08-29T14:20:21 IST" name="runScenario" description="Runs Cucumber Scenarios" data-provider="scenarios" finished-at="2024-08-29T14:20:25 IST" duration-ms="4757" status="PASS">
          <params>
            <param index="0">
              <value>
                <![CDATA["Verify Successful login"]]>
              </value>
            </param>
            <param index="1">
              <value>
                <![CDATA["Verify Login Page Scenario"]]>
              </value>
            </param>
          </params>
          <reporter-output>
          </reporter-output>
        </test-method> <!-- runScenario -->
        <test-method signature="runScenario(io.cucumber.testng.PickleWrapper,io.cucumber.testng.FeatureWrapper)[pri:0, instance:com.testrunner.TestRunner2@60611244]" started-at="2024-08-29T14:20:21 IST" name="runScenario" description="Runs Cucumber Scenarios" data-provider="scenarios" finished-at="2024-08-29T14:20:25 IST" duration-ms="4744" status="PASS">
          <params>
            <param index="0">
              <value>
                <![CDATA["Verify Successful login"]]>
              </value>
            </param>
            <param index="1">
              <value>
                <![CDATA["Verify Login Page Scenario"]]>
              </value>
            </param>
          </params>
          <reporter-output>
          </reporter-output>
        </test-method> <!-- runScenario -->
        <test-method is-config="true" signature="tearDownClass()[pri:0, instance:com.testrunner.TestRunner2@60611244]" started-at="2024-08-29T14:20:26 IST" name="tearDownClass" finished-at="2024-08-29T14:20:26 IST" duration-ms="21" status="PASS">
          <reporter-output>
          </reporter-output>
        </test-method> <!-- tearDownClass -->
      </class> <!-- com.testrunner.TestRunner2 -->
    </test> <!-- Command line test -->
  </suite> <!-- Command line suite -->
</testng-results>
