<?xml version="1.0" encoding="UTF-8"?>
<testng-results ignored="0" total="1" passed="1" failed="0" skipped="0">
  <reporter-output>
  </reporter-output>
  <suite started-at="2024-10-14T14:05:12 IST" name="SmokeSuite" finished-at="2024-10-14T14:05:15 IST" duration-ms="3127">
    <groups>
      <group name="regression">
        <method signature="TC_LoginTest_001.loginTest()[pri:0, instance:com.citi.mbd.TestCases.TC_LoginTest_001@36bc55de]" name="loginTest" class="com.citi.mbd.TestCases.TC_LoginTest_001"/>
      </group> <!-- regression -->
      <group name="sanity">
        <method signature="TC_LoginTest_001.loginTest()[pri:0, instance:com.citi.mbd.TestCases.TC_LoginTest_001@36bc55de]" name="loginTest" class="com.citi.mbd.TestCases.TC_LoginTest_001"/>
      </group> <!-- sanity -->
    </groups>
    <test started-at="2024-10-14T14:05:12 IST" name="SmokeTest" finished-at="2024-10-14T14:05:15 IST" duration-ms="3127">
      <class name="com.citi.mbd.TestCases.TC_LoginTest_001">
        <test-method is-config="true" signature="setup()[pri:0, instance:com.citi.mbd.TestCases.TC_LoginTest_001@36bc55de]" started-at="2024-10-14T14:05:13 IST" name="setup" finished-at="2024-10-14T14:05:15 IST" duration-ms="1934" status="PASS">
          <reporter-output>
          </reporter-output>
        </test-method> <!-- setup -->
        <test-method is-config="true" signature="ObjectsClass()[pri:0, instance:com.citi.mbd.TestCases.TC_LoginTest_001@36bc55de]" started-at="2024-10-14T14:05:15 IST" name="ObjectsClass" finished-at="2024-10-14T14:05:15 IST" duration-ms="19" status="PASS">
          <reporter-output>
          </reporter-output>
        </test-method> <!-- ObjectsClass -->
        <test-method signature="loginTest()[pri:0, instance:com.citi.mbd.TestCases.TC_LoginTest_001@36bc55de]" started-at="2024-10-14T14:05:15 IST" name="loginTest" finished-at="2024-10-14T14:05:15 IST" duration-ms="844" status="PASS">
          <reporter-output>
          </reporter-output>
        </test-method> <!-- loginTest -->
        <test-method is-config="true" signature="tearDown()[pri:0, instance:com.citi.mbd.TestCases.TC_LoginTest_001@36bc55de]" started-at="2024-10-14T14:05:15 IST" name="tearDown" finished-at="2024-10-14T14:05:15 IST" duration-ms="1" status="PASS">
          <reporter-output>
          </reporter-output>
        </test-method> <!-- tearDown -->
      </class> <!-- com.citi.mbd.TestCases.TC_LoginTest_001 -->
    </test> <!-- SmokeTest -->
  </suite> <!-- SmokeSuite -->
</testng-results>
